#
# A fatal error has been detected by the Java Runtime Environment:
#
#  EXCEPTION_ACCESS_VIOLATION (0xc0000005) at pc=0x6d98f5af, pid=4768, tid=6072
#
# JRE version: 6.0_21-b07
# Java VM: Java HotSpot(TM) Client VM (17.0-b17 mixed mode, sharing windows-x86 )
# Problematic frame:
# V  [jvm.dll+0xdf5af]
#
# If you would like to submit a bug report, please visit:
#   http://java.sun.com/webapps/bugreport/crash.jsp
#

---------------  T H R E A D  ---------------

Current thread (0x019a0000):  VMThread [stack: 0x03b20000,0x03b70000] [id=6072]

siginfo: ExceptionCode=0xc0000005, reading address 0x228865c0

Registers:
EAX=0x228865c0, EBX=0x37269f58, ECX=0x37269de8, EDX=0x23cd5b50
ESP=0x03b6fb3c, EBP=0x03b6fb50, ESI=0x23cd5b44, EDI=0x03b6fc60
EIP=0x6d98f5af, EFLAGS=0x00010287

Top of Stack: (sp=0x03b6fb3c)
0x03b6fb3c:   23ce1148 23cd5b38 03b6fc60 37269f60
0x03b6fb4c:   37269de8 03b6fb70 6da678d8 23cd5b38
0x03b6fb5c:   23cd5b50 0018df98 03b6fc60 00000000
0x03b6fb6c:   0018e9f0 03b6fb84 6d9561dd 03b6fc60
0x03b6fb7c:   0018d0b0 00000000 03b6fb98 6d97ad9a
0x03b6fb8c:   03b6fc60 0018d0b0 03b6fc20 03b6fc90
0x03b6fb9c:   6d9565e7 00000000 03b6fc60 03b6fc38
0x03b6fbac:   0018df98 6d95707d 0018d104 0018d0b0 

Instructions: (pc=0x6d98f5af)
0x6d98f59f:   89 55 0c 73 6d 8b 06 85 c0 74 5a 3b 47 20 73 55
0x6d98f5af:   8b 08 83 e1 03 80 f9 03 75 1f 8a 0d 09 da b0 6d 


Stack: [0x03b20000,0x03b70000],  sp=0x03b6fb3c,  free space=13e03b6f698k
Native frames: (J=compiled Java code, j=interpreted, Vv=VM code, C=native code)
V  [jvm.dll+0xdf5af]
V  [jvm.dll+0x1b78d8]
V  [jvm.dll+0xa61dd]
V  [jvm.dll+0xcad9a]
V  [jvm.dll+0xa65e7]
V  [jvm.dll+0xcbb78]
V  [jvm.dll+0x8002b]
V  [jvm.dll+0x1fd4bb]
V  [jvm.dll+0x2002e3]
V  [jvm.dll+0x1ff5ce]
V  [jvm.dll+0x1ff8f0]
V  [jvm.dll+0x1ffce2]
V  [jvm.dll+0x185f5c]
C  [msvcr71.dll+0x9565]
C  [kernel32.dll+0x51194]
C  [ntdll.dll+0x5b495]
C  [ntdll.dll+0x5b468]

VM_Operation (0x068bf41c): GenCollectForAllocation, mode: safepoint, requested by thread 0x03f4e000


---------------  P R O C E S S  ---------------

Java Threads: ( => current thread )
  0x03f57c00 JavaThread "D3D Screen Updater" daemon [_thread_blocked, id=4752, stack(0x06c70000,0x06cc0000)]
  0x00189000 JavaThread "DestroyJavaVM" [_thread_blocked, id=636, stack(0x00190000,0x001e0000)]
  0x03f4e000 JavaThread "AWT-EventQueue-0" [_thread_blocked, id=3512, stack(0x06870000,0x068c0000)]
  0x03f2dc00 JavaThread "AWT-Windows" daemon [_thread_in_native, id=4852, stack(0x04250000,0x042a0000)]
  0x03f2d400 JavaThread "AWT-Shutdown" [_thread_blocked, id=4700, stack(0x04200000,0x04250000)]
  0x03f2ac00 JavaThread "Java2D Disposer" daemon [_thread_blocked, id=2864, stack(0x03e60000,0x03eb0000)]
  0x019eec00 JavaThread "Low Memory Detector" daemon [_thread_blocked, id=3848, stack(0x03d00000,0x03d50000)]
  0x019e8800 JavaThread "CompilerThread0" daemon [_thread_blocked, id=3992, stack(0x03cb0000,0x03d00000)]
  0x019e7000 JavaThread "Attach Listener" daemon [_thread_blocked, id=3264, stack(0x03c60000,0x03cb0000)]
  0x019e4000 JavaThread "Signal Dispatcher" daemon [_thread_blocked, id=3044, stack(0x03c10000,0x03c60000)]
  0x019a6000 JavaThread "Finalizer" daemon [_thread_blocked, id=5148, stack(0x03bc0000,0x03c10000)]
  0x019a1400 JavaThread "Reference Handler" daemon [_thread_blocked, id=3204, stack(0x03b70000,0x03bc0000)]

Other Threads:
=>0x019a0000 VMThread [stack: 0x03b20000,0x03b70000] [id=6072]
  0x01a12400 WatcherThread [stack: 0x03d50000,0x03da0000] [id=1268]

VM state:at safepoint (normal execution)

VM Mutex/Monitor currently owned by a thread:  ([mutex/lock_event])
[0x00187548] Threads_lock - owner thread: 0x019a0000
[0x00187958] Heap_lock - owner thread: 0x03f4e000

Heap
 def new generation   total 4608K, used 4096K [0x23820000, 0x23d20000, 0x28820000)
  eden space 4096K, 100% used [0x23820000, 0x23c20000, 0x23c20000)
  from space 512K,   0% used [0x23c20000, 0x23c20000, 0x23ca0000)
  to   space 512K,  54% used [0x23ca0000, 0x23ce6468, 0x23d20000)
 tenured generation   total 10240K, used 0K [0x28820000, 0x29220000, 0x32820000)
   the space 10240K,   0% used [0x28820000, 0x28820000, 0x28820200, 0x29220000)
 compacting perm gen  total 12288K, used 229K [0x32820000, 0x33420000, 0x36820000)
   the space 12288K,   1% used [0x32820000, 0x32859730, 0x32859800, 0x33420000)
    ro space 10240K,  54% used [0x36820000, 0x36d9c0f0, 0x36d9c200, 0x37220000)
    rw space 12288K,  55% used [0x37220000, 0x378bfb80, 0x378bfc00, 0x37e20000)

Dynamic libraries:
0x00400000 - 0x00424000 	C:\Program Files\Java\jdk1.6.0_21\bin\java.exe
0x77cc0000 - 0x77dfc000 	C:\Windows\SYSTEM32\ntdll.dll
0x763a0000 - 0x76474000 	C:\Windows\system32\kernel32.dll
0x76070000 - 0x760ba000 	C:\Windows\system32\KERNELBASE.dll
0x76960000 - 0x76a00000 	C:\Windows\system32\ADVAPI32.dll
0x77a70000 - 0x77b1c000 	C:\Windows\system32\msvcrt.dll
0x768c0000 - 0x768d9000 	C:\Windows\SYSTEM32\sechost.dll
0x77e30000 - 0x77ed1000 	C:\Windows\system32\RPCRT4.dll
0x7c340000 - 0x7c396000 	C:\Program Files\Java\jdk1.6.0_21\jre\bin\msvcr71.dll
0x6d8b0000 - 0x6db57000 	C:\Program Files\Java\jdk1.6.0_21\jre\bin\client\jvm.dll
0x76480000 - 0x76549000 	C:\Windows\system32\USER32.dll
0x76910000 - 0x7695e000 	C:\Windows\system32\GDI32.dll
0x767c0000 - 0x767ca000 	C:\Windows\system32\LPK.dll
0x76690000 - 0x7672d000 	C:\Windows\system32\USP10.dll
0x73eb0000 - 0x73ee2000 	C:\Windows\system32\WINMM.dll
0x77e10000 - 0x77e2f000 	C:\Windows\system32\IMM32.DLL
0x77940000 - 0x77a0c000 	C:\Windows\system32\MSCTF.dll
0x75d10000 - 0x75d5b000 	C:\Windows\system32\apphelp.dll
0x6d860000 - 0x6d86c000 	C:\Program Files\Java\jdk1.6.0_21\jre\bin\verify.dll
0x6d3e0000 - 0x6d3ff000 	C:\Program Files\Java\jdk1.6.0_21\jre\bin\java.dll
0x6d340000 - 0x6d348000 	C:\Program Files\Java\jdk1.6.0_21\jre\bin\hpi.dll
0x77e00000 - 0x77e05000 	C:\Windows\system32\PSAPI.DLL
0x6d8a0000 - 0x6d8af000 	C:\Program Files\Java\jdk1.6.0_21\jre\bin\zip.dll
0x6d0b0000 - 0x6d1fa000 	C:\Program Files\Java\jdk1.6.0_21\jre\bin\awt.dll
0x73f10000 - 0x73f61000 	C:\Windows\system32\WINSPOOL.DRV
0x77750000 - 0x778ac000 	C:\Windows\system32\ole32.dll
0x74b50000 - 0x74cee000 	C:\Windows\WinSxS\x86_microsoft.windows.common-controls_6595b64144ccf1df_6.0.7600.16385_none_421189da2b7fabfc\COMCTL32.dll
0x767d0000 - 0x76827000 	C:\Windows\system32\SHLWAPI.dll
0x74810000 - 0x74823000 	C:\Windows\system32\DWMAPI.DLL
0x74af0000 - 0x74b30000 	C:\Windows\system32\uxtheme.dll
0x75d90000 - 0x75d9c000 	C:\Windows\system32\CRYPTBASE.dll
0x6d2e0000 - 0x6d334000 	C:\Program Files\Java\jdk1.6.0_21\jre\bin\fontmanager.dll
0x63ac0000 - 0x63c83000 	C:\Windows\system32\d3d9.dll
0x75310000 - 0x75319000 	C:\Windows\system32\VERSION.dll
0x751c0000 - 0x751c6000 	C:\Windows\system32\d3d8thk.dll
0x10000000 - 0x105e4000 	C:\Windows\system32\nvd3dum.dll
0x73e80000 - 0x73e9c000 	C:\Windows\system32\IPHLPAPI.DLL
0x76730000 - 0x76736000 	C:\Windows\system32\NSI.dll
0x73e70000 - 0x73e77000 	C:\Windows\system32\WINNSI.DLL
0x76b00000 - 0x77749000 	C:\Windows\system32\shell32.dll
0x76110000 - 0x76193000 	C:\Windows\system32\CLBCatQ.DLL
0x76830000 - 0x768bf000 	C:\Windows\system32\OLEAUT32.dll

VM Arguments:
jvm_args: -Dfile.encoding=UTF-8 
java_command: hexatron.MiDibujo
Launcher Type: SUN_STANDARD

Environment Variables:
PATH=C:\Windows\system32;C:\Windows;C:\Windows\System32\Wbem;C:\Windows\System32\WindowsPowerShell\v1.0\;C:\Program Files\MATLAB\R2007b\bin;C:\Program Files\MATLAB\R2007b\bin\win32
USERNAME=Ztiphen
OS=Windows_NT
PROCESSOR_IDENTIFIER=x86 Family 15 Model 104 Stepping 1, AuthenticAMD



---------------  S Y S T E M  ---------------

OS: Windows 7 Build 7600 

CPU:total 2 (2 cores per cpu, 1 threads per core) family 15 model 104 stepping 1, cmov, cx8, fxsr, mmx, sse, sse2, sse3, mmxext, 3dnow, 3dnowext

Memory: 4k page, physical 981940k(121488k free), swap 2626484k(917036k free)

vm_info: Java HotSpot(TM) Client VM (17.0-b17) for windows-x86 JRE (1.6.0_21-b07), built on Jul 17 2010 01:10:15 by "java_re" with MS VC++ 7.1 (VS2003)

time: Sat Aug 28 22:25:05 2010
elapsed time: 1 seconds

